<?xml version="1.0" encoding="UTF-8"?>
<!-- Generated by org.testng.reporters.JUnitXMLReporter -->
<testsuite hostname="HUNGDANGDE5C" name="Default test" tests="3" failures="0" timestamp="9 Jan 2016 04:13:43 GMT" time="0.039" errors="0">
  <testcase name="@BeforeTest Setup" time="0.0" classname="google.GoogleTestsDesktop">
    <failure type="org.testng.TestNGException" message="
Parameter &amp;apos;emailSend&amp;apos; is required by @Configuration on method Setup but has not been marked @Optional or defined
in C:\Users\hungdang.KMS\AppData\Local\Temp\testng-eclipse--133841741\testng-customsuite.xml">
      <![CDATA[org.testng.TestNGException: 
Parameter 'emailSend' is required by @Configuration on method Setup but has not been marked @Optional or defined
in C:\Users\hungdang.KMS\AppData\Local\Temp\testng-eclipse--133841741\testng-customsuite.xml
	at org.testng.internal.Parameters.createParameters(Parameters.java:155)
	at org.testng.internal.Parameters.createParameters(Parameters.java:355)
	at org.testng.internal.Parameters.createConfigurationParameters(Parameters.java:86)
	at org.testng.internal.Invoker.invokeConfigurations(Invoker.java:199)
	at org.testng.internal.Invoker.invokeConfigurations(Invoker.java:138)
	at org.testng.TestRunner.beforeRun(TestRunner.java:641)
	at org.testng.TestRunner.run(TestRunner.java:609)
	at org.testng.SuiteRunner.runTest(SuiteRunner.java:334)
	at org.testng.SuiteRunner.runSequentially(SuiteRunner.java:329)
	at org.testng.SuiteRunner.privateRun(SuiteRunner.java:291)
	at org.testng.SuiteRunner.run(SuiteRunner.java:240)
	at org.testng.SuiteRunnerWorker.runSuite(SuiteRunnerWorker.java:53)
	at org.testng.SuiteRunnerWorker.run(SuiteRunnerWorker.java:87)
	at org.testng.TestNG.runSuitesSequentially(TestNG.java:1188)
	at org.testng.TestNG.runSuitesLocally(TestNG.java:1113)
	at org.testng.TestNG.run(TestNG.java:1025)
	at org.testng.remote.RemoteTestNG.run(RemoteTestNG.java:115)
	at org.testng.remote.RemoteTestNG.initAndRun(RemoteTestNG.java:207)
	at org.testng.remote.RemoteTestNG.main(RemoteTestNG.java:178)
]]>
    </failure>
  </testcase> <!-- @BeforeTest Setup -->
  <testcase name="@AfterTest Teardown" time="0.0" classname="google.GoogleTestsDesktop">
    <skipped/>
  </testcase> <!-- @AfterTest Teardown -->
  <testcase name="GoogleLogin_Invalid" time="0.005" classname="google.GoogleTestsDesktop">
    <skipped/>
  </testcase> <!-- GoogleLogin_Invalid -->
  <testcase name="GoogleLogin_Valid" time="0.001" classname="google.GoogleTestsDesktop">
    <skipped/>
  </testcase> <!-- GoogleLogin_Valid -->
  <testcase name="GoogleComposeEmail" time="0.0" classname="google.GoogleTestsDesktop">
    <skipped/>
  </testcase> <!-- GoogleComposeEmail -->
</testsuite> <!-- Default test -->
